[debug] [2024-12-27T13:36:35.556Z] ----------------------------------------------------------------------
[debug] [2024-12-27T13:36:35.581Z] Command:       /opt/homebrew/Cellar/node/19.8.1/bin/node /opt/homebrew/bin/firebase deploy --only hosting
[debug] [2024-12-27T13:36:35.581Z] CLI Version:   13.29.1
[debug] [2024-12-27T13:36:35.581Z] Platform:      darwin
[debug] [2024-12-27T13:36:35.581Z] Node Version:  v19.8.1
[debug] [2024-12-27T13:36:35.581Z] Time:          Fri Dec 27 2024 19:06:35 GMT+0530 (India Standard Time)
[debug] [2024-12-27T13:36:35.581Z] ----------------------------------------------------------------------
[debug] 
[debug] [2024-12-27T13:36:35.619Z] > command requires scopes: ["email","openid","https://www.googleapis.com/auth/cloudplatformprojects.readonly","https://www.googleapis.com/auth/firebase","https://www.googleapis.com/auth/cloud-platform"]
[debug] [2024-12-27T13:36:35.619Z] > authorizing via signed-in user (ishantsehrawat75@gmail.com)
[debug] [2024-12-27T13:36:35.619Z] [iam] checking project apple-watch-studio for permissions ["firebase.projects.get","firebasehosting.sites.update"]
[debug] [2024-12-27T13:36:35.620Z] Checked if tokens are valid: false, expires at: 1735294713532
[debug] [2024-12-27T13:36:35.620Z] Checked if tokens are valid: false, expires at: 1735294713532
[debug] [2024-12-27T13:36:35.620Z] > refreshing access token with scopes: []
[debug] [2024-12-27T13:36:35.621Z] >>> [apiv2][query] POST https://www.googleapis.com/oauth2/v3/token [none]
[debug] [2024-12-27T13:36:35.621Z] >>> [apiv2][body] POST https://www.googleapis.com/oauth2/v3/token [omitted]
[debug] [2024-12-27T13:36:35.880Z] <<< [apiv2][status] POST https://www.googleapis.com/oauth2/v3/token 200
[debug] [2024-12-27T13:36:35.880Z] <<< [apiv2][body] POST https://www.googleapis.com/oauth2/v3/token [omitted]
[debug] [2024-12-27T13:36:35.899Z] >>> [apiv2][query] POST https://cloudresourcemanager.googleapis.com/v1/projects/apple-watch-studio:testIamPermissions [none]
[debug] [2024-12-27T13:36:35.899Z] >>> [apiv2][(partial)header] POST https://cloudresourcemanager.googleapis.com/v1/projects/apple-watch-studio:testIamPermissions x-goog-quota-user=projects/apple-watch-studio
[debug] [2024-12-27T13:36:35.899Z] >>> [apiv2][body] POST https://cloudresourcemanager.googleapis.com/v1/projects/apple-watch-studio:testIamPermissions {"permissions":["firebase.projects.get","firebasehosting.sites.update"]}
